<?xml version="1.0" encoding="UTF-8"?>
<testsuite xmlns:xsi="http://www.w3.org/2001/XMLSchema-instance" xsi:noNamespaceSchemaLocation="https://maven.apache.org/surefire/maven-surefire-plugin/xsd/surefire-test-report-3.0.xsd" version="3.0" name="cl.kibernumacademy.TaskManagerTest" time="0.047" tests="3" errors="0" skipped="0" failures="0">
  <properties>
[...]
</properties>
  <testcase name="testAddTask" classname="cl.kibernumacademy.TaskManagerTest" time="0.024"/>
  <testcase name="testUpdateTask" classname="cl.kibernumacademy.TaskManagerTest" time="0.002"/>
  <testcase name="testDeleteTask" classname="cl.kibernumacademy.TaskManagerTest" time="0.004"/>
</testsuite>